Using pre-set license
Built from '2020.3/staging' branch; Version is '2020.3.18f1 (a7d1c678663c) revision 10998214'; Using compiler version '192528614'; Build Type 'Release'
OS: 'Windows 10 Home Single Language; OS build 19044.1706; Version 2009; 64bit' Language: 'en' Physical Memory: 16303 MB
BatchMode: 1, IsHumanControllingUs: 0, StartBugReporterOnCrash: 0, Is64bit: 1, IsPro: 0

COMMAND LINE ARGUMENTS:
C:\Program Files\Unity\Hub\Editor\2020.3.18f1\Editor\Unity.exe
-adb2
-batchMode
-noUpm
-name
AssetImportWorker0
-projectPath
C:/Unity Projects/Simulador de Falla Cardiaca/SimFallaCardiacaVRjam/SimFallaCardiacaVRjam
-logFile
Logs/AssetImportWorker0.log
-srvPort
14662
Successfully changed project path to: C:/Unity Projects/Simulador de Falla Cardiaca/SimFallaCardiacaVRjam/SimFallaCardiacaVRjam
C:/Unity Projects/Simulador de Falla Cardiaca/SimFallaCardiacaVRjam/SimFallaCardiacaVRjam
Using Asset Import Pipeline V2.
Refreshing native plugins compatible for Editor in 130.40 ms, found 13 plugins.
Preloading 2 native plugins for Editor in 3.35 ms.
Initialize engine version: 2020.3.18f1 (a7d1c678663c)
[Subsystems] Discovering subsystems at path C:/Program Files/Unity/Hub/Editor/2020.3.18f1/Editor/Data/Resources/UnitySubsystems
[Subsystems] Discovering subsystems at path C:/Unity Projects/Simulador de Falla Cardiaca/SimFallaCardiacaVRjam/SimFallaCardiacaVRjam/Assets
GfxDevice: creating device client; threaded=0
Direct3D:
    Version:  Direct3D 11.0 [level 11.1]
    Renderer: NVIDIA GeForce RTX 2060 (ID=0x1f51)
    Vendor:   
    VRAM:     5980 MB
    Driver:   30.0.15.1109
Shader 'Oculus/OVRMRCameraFrameLit': fallback shader 'Alpha-Diffuse' not found
Initialize mono
Mono path[0] = 'C:/Program Files/Unity/Hub/Editor/2020.3.18f1/Editor/Data/Managed'
Mono path[1] = 'C:/Program Files/Unity/Hub/Editor/2020.3.18f1/Editor/Data/MonoBleedingEdge/lib/mono/unityjit'
Mono config path = 'C:/Program Files/Unity/Hub/Editor/2020.3.18f1/Editor/Data/MonoBleedingEdge/etc'
Using monoOptions --debugger-agent=transport=dt_socket,embedding=1,server=y,suspend=n,address=127.0.0.1:56792
Begin MonoManager ReloadAssembly
Registering precompiled unity dll's ...
Register platform support module: C:/Program Files/Unity/Hub/Editor/2020.3.18f1/Editor/Data/PlaybackEngines/WebGLSupport/UnityEditor.WebGL.Extensions.dll
Register platform support module: C:/Program Files/Unity/Hub/Editor/2020.3.18f1/Editor/Data/PlaybackEngines/MacStandaloneSupport/UnityEditor.OSXStandalone.Extensions.dll
Register platform support module: C:/Program Files/Unity/Hub/Editor/2020.3.18f1/Editor/Data/PlaybackEngines/WindowsStandaloneSupport/UnityEditor.WindowsStandalone.Extensions.dll
Registered in 0.005436 seconds.
Native extension for WindowsStandalone target not found
Native extension for OSXStandalone target not found
Native extension for WebGL target not found
Refreshing native plugins compatible for Editor in 148.04 ms, found 13 plugins.
Preloading 2 native plugins for Editor in 0.21 ms.
Mono: successfully reloaded assembly
- Completed reload, in  3.979 seconds
Domain Reload Profiling:
	ReloadAssembly (3979ms)
		BeginReloadAssembly (83ms)
			ExecutionOrderSort (0ms)
			DisableScriptedObjects (0ms)
			BackupInstance (0ms)
			ReleaseScriptingObjects (0ms)
			CreateAndSetChildDomain (1ms)
		EndReloadAssembly (714ms)
			LoadAssemblies (81ms)
			RebuildTransferFunctionScriptingTraits (0ms)
			SetupTypeCache (209ms)
			ReleaseScriptCaches (0ms)
			RebuildScriptCaches (44ms)
			SetupLoadedEditorAssemblies (356ms)
				LogAssemblyErrors (0ms)
				InitializePlatformSupportModulesInManaged (8ms)
				SetLoadedEditorAssemblies (0ms)
				RefreshPlugins (148ms)
				BeforeProcessingInitializeOnLoad (31ms)
				ProcessInitializeOnLoadAttributes (124ms)
				ProcessInitializeOnLoadMethodAttributes (45ms)
				AfterProcessingInitializeOnLoad (0ms)
				EditorAssembliesLoaded (0ms)
			ExecutionOrderSort2 (0ms)
			AwakeInstancesAfterBackupRestoration (0ms)
Platform modules already initialized, skipping
Registering precompiled user dll's ...
Registered in 0.018890 seconds.
Begin MonoManager ReloadAssembly
Native extension for WindowsStandalone target not found
Native extension for OSXStandalone target not found
Native extension for WebGL target not found
Refreshing native plugins compatible for Editor in 106.93 ms, found 13 plugins.
Preloading 2 native plugins for Editor in 0.19 ms.
[XR] OculusXRPlugin: registering subsystems
[XR] Unable to register display lifecyle provider: [1]
[XR] Oculus Input lifecycle provider registered.
[XR] Unable to register input lifecyle provider: [1]
[XR] OVRP version 1.55.1
Mono: successfully reloaded assembly
- Completed reload, in  1.974 seconds
Domain Reload Profiling:
	ReloadAssembly (1975ms)
		BeginReloadAssembly (175ms)
			ExecutionOrderSort (0ms)
			DisableScriptedObjects (5ms)
			BackupInstance (0ms)
			ReleaseScriptingObjects (0ms)
			CreateAndSetChildDomain (21ms)
		EndReloadAssembly (1671ms)
			LoadAssemblies (131ms)
			RebuildTransferFunctionScriptingTraits (0ms)
			SetupTypeCache (532ms)
			ReleaseScriptCaches (1ms)
			RebuildScriptCaches (80ms)
			SetupLoadedEditorAssemblies (719ms)
				LogAssemblyErrors (0ms)
				InitializePlatformSupportModulesInManaged (8ms)
				SetLoadedEditorAssemblies (0ms)
				RefreshPlugins (107ms)
				BeforeProcessingInitializeOnLoad (132ms)
				ProcessInitializeOnLoadAttributes (440ms)
				ProcessInitializeOnLoadMethodAttributes (18ms)
				AfterProcessingInitializeOnLoad (14ms)
				EditorAssembliesLoaded (1ms)
			ExecutionOrderSort2 (0ms)
			AwakeInstancesAfterBackupRestoration (13ms)
Platform modules already initialized, skipping
========================================================================
Worker process is ready to serve import requests
Shader 'Oculus/OVRMRCameraFrameLit': fallback shader 'Alpha-Diffuse' not found
Launched and connected shader compiler UnityShaderCompiler.exe after 0.11 seconds
Refreshing native plugins compatible for Editor in 1.33 ms, found 13 plugins.
Preloading 2 native plugins for Editor in 0.22 ms.
Unloading 2922 Unused Serialized files (Serialized files now loaded: 0)
System memory in use before: 136.8 MB.
System memory in use after: 137.0 MB.

Unloading 46 unused Assets to reduce memory usage. Loaded Objects now: 3358.
Total: 4.284000 ms (FindLiveObjects: 0.363700 ms CreateObjectMapping: 0.167800 ms MarkObjects: 3.615500 ms  DeleteObjects: 0.134800 ms)

AssetImportParameters requested are different than current active one (requested -> active):
  custom:framework-win-MediaFoundation: 216162199b28c13a410421893ffa2e32 -> 
  custom:video-decoder-ogg-theora: a1e56fd34408186e4bbccfd4996cb3dc -> 
  custom:container-muxer-webm: aa71ff27fc2769a1b78a27578f13a17b -> 
  custom:container-demuxer-webm: 4f35f7cbe854078d1ac9338744f61a02 -> 
  custom:container-demuxer-ogg: 62fdf1f143b41e24485cea50d1cbac27 -> 
  custom:video-encoder-webm-vp8: eb34c28f22e8b96e1ab97ce403110664 -> 
  custom:video-codec-MediaFoundation-h265: 746d11721c4dcdbdad8f713fa42b33f4 -> 
  custom:video-decoder-webm-vp8: 9c59270c3fd7afecdb556c50c9e8de78 -> 
  custom:audio-decoder-ogg-vorbis: bf7c407c2cedff20999df2af8eb42d56 -> 
  custom:audio-encoder-webm-vorbis: bf7c407c2cedff20999df2af8eb42d56 -> 
========================================================================
Received Import Request.
  path: Assets/Resources/Audios/fallacardiaca/felicitaciones.mp3
  artifactKey: Guid(721e956f345fdd4439c52e7fe24e06c1) Importer(815301076,1909f56bfc062723c751e8b465ee728b)
Start importing Assets/Resources/Audios/fallacardiaca/felicitaciones.mp3 using Guid(721e956f345fdd4439c52e7fe24e06c1) Importer(815301076,1909f56bfc062723c751e8b465ee728b)  -> (artifact id: 'c9d5f2972b2548a59c4803f72a372c99') in 0.204423 seconds 
  Import took 0.209812 seconds .

========================================================================
Received Import Request.
  Time since last request: 0.000294 seconds.
  path: Assets/Resources/Audios/fallacardiaca/9-diagnostico.mp3
  artifactKey: Guid(fa85a8d630f677045943d27c0ee0ba3a) Importer(815301076,1909f56bfc062723c751e8b465ee728b)
Start importing Assets/Resources/Audios/fallacardiaca/9-diagnostico.mp3 using Guid(fa85a8d630f677045943d27c0ee0ba3a) Importer(815301076,1909f56bfc062723c751e8b465ee728b)  -> (artifact id: '39af4b0bc5a3c0bb431788fec9898d27') in 0.015511 seconds 
  Import took 0.021623 seconds .

========================================================================
Received Import Request.
  Time since last request: 0.000318 seconds.
  path: Assets/Resources/Audios/fallacardiaca/heartmitralregurgitation.mp3
  artifactKey: Guid(0368b03f238e847499f196b9f3086642) Importer(815301076,1909f56bfc062723c751e8b465ee728b)
Start importing Assets/Resources/Audios/fallacardiaca/heartmitralregurgitation.mp3 using Guid(0368b03f238e847499f196b9f3086642) Importer(815301076,1909f56bfc062723c751e8b465ee728b)  -> (artifact id: '1631aa1cf14a148c542ddc7e62772f2d') in 0.013691 seconds 
  Import took 0.020082 seconds .

========================================================================
Received Import Request.
  Time since last request: 0.000263 seconds.
  path: Assets/Resources/Audios/fallacardiaca/6-Electrocardiograma.mp3
  artifactKey: Guid(8a57baa53b12baf40938d31b40f7bb6f) Importer(815301076,1909f56bfc062723c751e8b465ee728b)
Start importing Assets/Resources/Audios/fallacardiaca/6-Electrocardiograma.mp3 using Guid(8a57baa53b12baf40938d31b40f7bb6f) Importer(815301076,1909f56bfc062723c751e8b465ee728b)  -> (artifact id: '90a8e0177490c2c0b3a4bff4e247f2dd') in 0.014935 seconds 
  Import took 0.021983 seconds .

========================================================================
Received Import Request.
  Time since last request: 0.000252 seconds.
  path: Assets/Resources/Audios/fallacardiaca/7-examendesangre.mp3
  artifactKey: Guid(c9ccd96c765bddd48b3b7f0a87e62ab2) Importer(815301076,1909f56bfc062723c751e8b465ee728b)
Start importing Assets/Resources/Audios/fallacardiaca/7-examendesangre.mp3 using Guid(c9ccd96c765bddd48b3b7f0a87e62ab2) Importer(815301076,1909f56bfc062723c751e8b465ee728b)  -> (artifact id: '87cefc0483001ebd65c8caafb094a667') in 0.017012 seconds 
  Import took 0.024098 seconds .

========================================================================
Received Import Request.
  Time since last request: 0.000336 seconds.
  path: Assets/Resources/Audios/fallacardiaca/8-ecocardiograma.mp3
  artifactKey: Guid(236785a24266bb141853ade9515fff1c) Importer(815301076,1909f56bfc062723c751e8b465ee728b)
Start importing Assets/Resources/Audios/fallacardiaca/8-ecocardiograma.mp3 using Guid(236785a24266bb141853ade9515fff1c) Importer(815301076,1909f56bfc062723c751e8b465ee728b)  -> (artifact id: '3d3ce329c50e044dadc7f3c3ce318dcd') in 0.016744 seconds 
  Import took 0.024415 seconds .

========================================================================
Received Import Request.
  Time since last request: 0.000279 seconds.
  path: Assets/Resources/Audios/fallacardiaca/7-1-estirebrazo.mp3
  artifactKey: Guid(02f2598c82b37b342926e1baff7fdb84) Importer(815301076,1909f56bfc062723c751e8b465ee728b)
Start importing Assets/Resources/Audios/fallacardiaca/7-1-estirebrazo.mp3 using Guid(02f2598c82b37b342926e1baff7fdb84) Importer(815301076,1909f56bfc062723c751e8b465ee728b)  -> (artifact id: 'a03ddd7965f748d511ac33ae5ef4dd42') in 0.015964 seconds 
  Import took 0.024699 seconds .

========================================================================
Received Import Request.
  Time since last request: 0.000323 seconds.
  path: Assets/Resources/Audios/fallacardiaca/9-0-diagnostico.mp3
  artifactKey: Guid(eeef00f63e0ab7a4e985ad326e316573) Importer(815301076,1909f56bfc062723c751e8b465ee728b)
Start importing Assets/Resources/Audios/fallacardiaca/9-0-diagnostico.mp3 using Guid(eeef00f63e0ab7a4e985ad326e316573) Importer(815301076,1909f56bfc062723c751e8b465ee728b)  -> (artifact id: 'f407cd8173999041f1e7fcbaa51fa5fe') in 0.016835 seconds 
  Import took 0.025841 seconds .

========================================================================
Received Import Request.
  Time since last request: 0.000287 seconds.
  path: Assets/Resources/Audios/fallacardiaca/heartmitralregurgitation2.mp3
  artifactKey: Guid(bec9a62e89e6061439933fc794eb8a1e) Importer(815301076,1909f56bfc062723c751e8b465ee728b)
Start importing Assets/Resources/Audios/fallacardiaca/heartmitralregurgitation2.mp3 using Guid(bec9a62e89e6061439933fc794eb8a1e) Importer(815301076,1909f56bfc062723c751e8b465ee728b)  -> (artifact id: '398bc096c04ae5e71450a4f746851a6d') in 0.015368 seconds 
  Import took 0.022632 seconds .

========================================================================
Received Import Request.
  Time since last request: 0.000537 seconds.
  path: Assets/Resources/Audios/fallacardiaca/heartnormal.mp3
  artifactKey: Guid(65420265ae34ee941bc26c08a1d86e14) Importer(815301076,1909f56bfc062723c751e8b465ee728b)
Start importing Assets/Resources/Audios/fallacardiaca/heartnormal.mp3 using Guid(65420265ae34ee941bc26c08a1d86e14) Importer(815301076,1909f56bfc062723c751e8b465ee728b)  -> (artifact id: 'd1b50ad7faf87e58a8a42fe8d5742c94') in 0.015221 seconds 
  Import took 0.024628 seconds .

AssetImportWorkerClient::OnTransportError - code=2 error=End of file
